2026-04-07 10:00:00 INFO Application started
2026-04-07 10:01:00 INFO User logged in
2026-04-07 10:02:00 WARNING Low memory
2026-04-07 10:03:00 ERROR Failed to connect to database
2026-04-07 10:04:00 INFO Request processed
2026-04-07 10:05:00 ERROR Timeout while calling API
2026-04-07 10:06:00 WARNING Disk space low
2026-04-07 10:07:00 INFO User logged out
2026-04-07 10:08:00 INFO Scheduled job started
2026-04-07 10:09:00 ERROR Invalid user input
2026-04-07 10:10:00 WARNING High CPU usage
2026-04-07 10:11:00 INFO Data sync completed
2026-04-07 10:12:00 ERROR Failed to write file
2026-04-07 10:13:00 INFO Cache cleared
2026-04-07 10:14:00 WARNING Network latency detected
2026-04-07 10:15:00 ERROR Authentication failed
2026-04-07 10:16:00 INFO Backup completed
2026-04-07 10:17:00 INFO User session expired
2026-04-07 10:18:00 ERROR Database connection lost
2026-04-07 10:19:00 WARNING Memory usage high
2026-04-07 10:20:00 INFO Service restarted
2026-04-07 10:21:00 ERROR API rate limit exceeded
2026-04-07 10:22:00 INFO New user registered
2026-04-07 10:23:00 WARNING Disk nearing capacity
2026-04-07 10:24:00 ERROR File not found
